<?xml version="1.0" encoding="UTF-8"?>
<testsuite xmlns:xsi="http://www.w3.org/2001/XMLSchema-instance" xsi:noNamespaceSchemaLocation="https://maven.apache.org/surefire/maven-surefire-plugin/xsd/surefire-test-report.xsd" name="TestSuite" time="10.18" tests="1" errors="0" skipped="0" failures="1">
  <properties>
    <property name="gopherProxySet" value="false"/>
    <property name="awt.toolkit" value="sun.lwawt.macosx.LWCToolkit"/>
    <property name="file.encoding.pkg" value="sun.io"/>
    <property name="java.specification.version" value="1.8"/>
    <property name="sun.cpu.isalist" value=""/>
    <property name="sun.jnu.encoding" value="UTF-8"/>
    <property name="java.class.path" value="/Users/veeraprathapmalepati/IdeaProjects/Selenium_SDET/target/test-classes:/Users/veeraprathapmalepati/IdeaProjects/Selenium_SDET/target/classes:/Users/veeraprathapmalepati/.m2/repository/org/seleniumhq/selenium/selenium-java/3.141.59/selenium-java-3.141.59.jar:/Users/veeraprathapmalepati/.m2/repository/org/seleniumhq/selenium/selenium-api/3.141.59/selenium-api-3.141.59.jar:/Users/veeraprathapmalepati/.m2/repository/org/seleniumhq/selenium/selenium-chrome-driver/3.141.59/selenium-chrome-driver-3.141.59.jar:/Users/veeraprathapmalepati/.m2/repository/org/seleniumhq/selenium/selenium-edge-driver/3.141.59/selenium-edge-driver-3.141.59.jar:/Users/veeraprathapmalepati/.m2/repository/org/seleniumhq/selenium/selenium-firefox-driver/3.141.59/selenium-firefox-driver-3.141.59.jar:/Users/veeraprathapmalepati/.m2/repository/org/seleniumhq/selenium/selenium-ie-driver/3.141.59/selenium-ie-driver-3.141.59.jar:/Users/veeraprathapmalepati/.m2/repository/org/seleniumhq/selenium/selenium-opera-driver/3.141.59/selenium-opera-driver-3.141.59.jar:/Users/veeraprathapmalepati/.m2/repository/org/seleniumhq/selenium/selenium-remote-driver/3.141.59/selenium-remote-driver-3.141.59.jar:/Users/veeraprathapmalepati/.m2/repository/org/seleniumhq/selenium/selenium-safari-driver/3.141.59/selenium-safari-driver-3.141.59.jar:/Users/veeraprathapmalepati/.m2/repository/org/seleniumhq/selenium/selenium-support/3.141.59/selenium-support-3.141.59.jar:/Users/veeraprathapmalepati/.m2/repository/net/bytebuddy/byte-buddy/1.8.15/byte-buddy-1.8.15.jar:/Users/veeraprathapmalepati/.m2/repository/org/apache/commons/commons-exec/1.3/commons-exec-1.3.jar:/Users/veeraprathapmalepati/.m2/repository/com/google/guava/guava/25.0-jre/guava-25.0-jre.jar:/Users/veeraprathapmalepati/.m2/repository/com/google/code/findbugs/jsr305/1.3.9/jsr305-1.3.9.jar:/Users/veeraprathapmalepati/.m2/repository/org/checkerframework/checker-compat-qual/2.0.0/checker-compat-qual-2.0.0.jar:/Users/veeraprathapmalepati/.m2/repository/com/google/errorprone/error_prone_annotations/2.1.3/error_prone_annotations-2.1.3.jar:/Users/veeraprathapmalepati/.m2/repository/com/google/j2objc/j2objc-annotations/1.1/j2objc-annotations-1.1.jar:/Users/veeraprathapmalepati/.m2/repository/org/codehaus/mojo/animal-sniffer-annotations/1.14/animal-sniffer-annotations-1.14.jar:/Users/veeraprathapmalepati/.m2/repository/com/squareup/okhttp3/okhttp/3.11.0/okhttp-3.11.0.jar:/Users/veeraprathapmalepati/.m2/repository/com/squareup/okio/okio/1.14.0/okio-1.14.0.jar:/Users/veeraprathapmalepati/.m2/repository/com/github/javafaker/javafaker/0.15/javafaker-0.15.jar:/Users/veeraprathapmalepati/.m2/repository/org/apache/commons/commons-lang3/3.5/commons-lang3-3.5.jar:/Users/veeraprathapmalepati/.m2/repository/org/yaml/snakeyaml/1.20/snakeyaml-1.20-android.jar:/Users/veeraprathapmalepati/.m2/repository/com/github/mifmif/generex/1.0.2/generex-1.0.2.jar:/Users/veeraprathapmalepati/.m2/repository/dk/brics/automaton/automaton/1.11-8/automaton-1.11-8.jar:/Users/veeraprathapmalepati/.m2/repository/com/googlecode/json-simple/json-simple/1.1.1/json-simple-1.1.1.jar:/Users/veeraprathapmalepati/.m2/repository/junit/junit/4.10/junit-4.10.jar:/Users/veeraprathapmalepati/.m2/repository/org/hamcrest/hamcrest-core/1.1/hamcrest-core-1.1.jar:/Users/veeraprathapmalepati/.m2/repository/org/testng/testng/7.1.0/testng-7.1.0.jar:/Users/veeraprathapmalepati/.m2/repository/com/beust/jcommander/1.72/jcommander-1.72.jar:/Users/veeraprathapmalepati/.m2/repository/com/google/inject/guice/4.1.0/guice-4.1.0-no_aop.jar:/Users/veeraprathapmalepati/.m2/repository/javax/inject/javax.inject/1/javax.inject-1.jar:/Users/veeraprathapmalepati/.m2/repository/aopalliance/aopalliance/1.0/aopalliance-1.0.jar:/Users/veeraprathapmalepati/.m2/repository/org/yaml/snakeyaml/1.21/snakeyaml-1.21.jar:/Users/veeraprathapmalepati/.m2/repository/io/qameta/allure/allure-testng/2.13.6/allure-testng-2.13.6.jar:/Users/veeraprathapmalepati/.m2/repository/org/hamcrest/hamcrest-all/1.3/hamcrest-all-1.3.jar:/Users/veeraprathapmalepati/.m2/repository/org/slf4j/slf4j-simple/1.7.30/slf4j-simple-1.7.30.jar:/Users/veeraprathapmalepati/.m2/repository/org/slf4j/slf4j-api/1.7.30/slf4j-api-1.7.30.jar:/Users/veeraprathapmalepati/.m2/repository/io/qameta/allure/allure-java-commons/2.13.6/allure-java-commons-2.13.6.jar:/Users/veeraprathapmalepati/.m2/repository/io/qameta/allure/allure-model/2.13.6/allure-model-2.13.6.jar:/Users/veeraprathapmalepati/.m2/repository/com/fasterxml/jackson/core/jackson-databind/2.11.2/jackson-databind-2.11.2.jar:/Users/veeraprathapmalepati/.m2/repository/com/fasterxml/jackson/core/jackson-annotations/2.11.2/jackson-annotations-2.11.2.jar:/Users/veeraprathapmalepati/.m2/repository/com/fasterxml/jackson/core/jackson-core/2.11.2/jackson-core-2.11.2.jar:/Users/veeraprathapmalepati/.m2/repository/org/apache/tika/tika-core/1.24.1/tika-core-1.24.1.jar:/Users/veeraprathapmalepati/.m2/repository/org/jooq/joor-java-8/0.9.13/joor-java-8-0.9.13.jar:"/>
    <property name="java.vm.vendor" value="Oracle Corporation"/>
    <property name="sun.arch.data.model" value="64"/>
    <property name="java.vendor.url" value="http://java.oracle.com/"/>
    <property name="user.timezone" value=""/>
    <property name="user.country.format" value="IN"/>
    <property name="java.vm.specification.version" value="1.8"/>
    <property name="os.name" value="Mac OS X"/>
    <property name="user.country" value="GB"/>
    <property name="sun.java.launcher" value="SUN_STANDARD"/>
    <property name="sun.boot.library.path" value="/Library/Java/JavaVirtualMachines/jdk1.8.0_261.jdk/Contents/Home/jre/lib"/>
    <property name="sun.java.command" value="/Users/veeraprathapmalepati/IdeaProjects/Selenium_SDET/target/surefire/surefirebooter5414347332717714377.jar /Users/veeraprathapmalepati/IdeaProjects/Selenium_SDET/target/surefire 2020-12-01T07-37-18_230-jvmRun1 surefire7431599390066789142tmp surefire_01760876355265114187tmp"/>
    <property name="http.nonProxyHosts" value="local|*.local|169.254/16|*.169.254/16"/>
    <property name="surefire.test.class.path" value="/Users/veeraprathapmalepati/IdeaProjects/Selenium_SDET/target/test-classes:/Users/veeraprathapmalepati/IdeaProjects/Selenium_SDET/target/classes:/Users/veeraprathapmalepati/.m2/repository/org/seleniumhq/selenium/selenium-java/3.141.59/selenium-java-3.141.59.jar:/Users/veeraprathapmalepati/.m2/repository/org/seleniumhq/selenium/selenium-api/3.141.59/selenium-api-3.141.59.jar:/Users/veeraprathapmalepati/.m2/repository/org/seleniumhq/selenium/selenium-chrome-driver/3.141.59/selenium-chrome-driver-3.141.59.jar:/Users/veeraprathapmalepati/.m2/repository/org/seleniumhq/selenium/selenium-edge-driver/3.141.59/selenium-edge-driver-3.141.59.jar:/Users/veeraprathapmalepati/.m2/repository/org/seleniumhq/selenium/selenium-firefox-driver/3.141.59/selenium-firefox-driver-3.141.59.jar:/Users/veeraprathapmalepati/.m2/repository/org/seleniumhq/selenium/selenium-ie-driver/3.141.59/selenium-ie-driver-3.141.59.jar:/Users/veeraprathapmalepati/.m2/repository/org/seleniumhq/selenium/selenium-opera-driver/3.141.59/selenium-opera-driver-3.141.59.jar:/Users/veeraprathapmalepati/.m2/repository/org/seleniumhq/selenium/selenium-remote-driver/3.141.59/selenium-remote-driver-3.141.59.jar:/Users/veeraprathapmalepati/.m2/repository/org/seleniumhq/selenium/selenium-safari-driver/3.141.59/selenium-safari-driver-3.141.59.jar:/Users/veeraprathapmalepati/.m2/repository/org/seleniumhq/selenium/selenium-support/3.141.59/selenium-support-3.141.59.jar:/Users/veeraprathapmalepati/.m2/repository/net/bytebuddy/byte-buddy/1.8.15/byte-buddy-1.8.15.jar:/Users/veeraprathapmalepati/.m2/repository/org/apache/commons/commons-exec/1.3/commons-exec-1.3.jar:/Users/veeraprathapmalepati/.m2/repository/com/google/guava/guava/25.0-jre/guava-25.0-jre.jar:/Users/veeraprathapmalepati/.m2/repository/com/google/code/findbugs/jsr305/1.3.9/jsr305-1.3.9.jar:/Users/veeraprathapmalepati/.m2/repository/org/checkerframework/checker-compat-qual/2.0.0/checker-compat-qual-2.0.0.jar:/Users/veeraprathapmalepati/.m2/repository/com/google/errorprone/error_prone_annotations/2.1.3/error_prone_annotations-2.1.3.jar:/Users/veeraprathapmalepati/.m2/repository/com/google/j2objc/j2objc-annotations/1.1/j2objc-annotations-1.1.jar:/Users/veeraprathapmalepati/.m2/repository/org/codehaus/mojo/animal-sniffer-annotations/1.14/animal-sniffer-annotations-1.14.jar:/Users/veeraprathapmalepati/.m2/repository/com/squareup/okhttp3/okhttp/3.11.0/okhttp-3.11.0.jar:/Users/veeraprathapmalepati/.m2/repository/com/squareup/okio/okio/1.14.0/okio-1.14.0.jar:/Users/veeraprathapmalepati/.m2/repository/com/github/javafaker/javafaker/0.15/javafaker-0.15.jar:/Users/veeraprathapmalepati/.m2/repository/org/apache/commons/commons-lang3/3.5/commons-lang3-3.5.jar:/Users/veeraprathapmalepati/.m2/repository/org/yaml/snakeyaml/1.20/snakeyaml-1.20-android.jar:/Users/veeraprathapmalepati/.m2/repository/com/github/mifmif/generex/1.0.2/generex-1.0.2.jar:/Users/veeraprathapmalepati/.m2/repository/dk/brics/automaton/automaton/1.11-8/automaton-1.11-8.jar:/Users/veeraprathapmalepati/.m2/repository/com/googlecode/json-simple/json-simple/1.1.1/json-simple-1.1.1.jar:/Users/veeraprathapmalepati/.m2/repository/junit/junit/4.10/junit-4.10.jar:/Users/veeraprathapmalepati/.m2/repository/org/hamcrest/hamcrest-core/1.1/hamcrest-core-1.1.jar:/Users/veeraprathapmalepati/.m2/repository/org/testng/testng/7.1.0/testng-7.1.0.jar:/Users/veeraprathapmalepati/.m2/repository/com/beust/jcommander/1.72/jcommander-1.72.jar:/Users/veeraprathapmalepati/.m2/repository/com/google/inject/guice/4.1.0/guice-4.1.0-no_aop.jar:/Users/veeraprathapmalepati/.m2/repository/javax/inject/javax.inject/1/javax.inject-1.jar:/Users/veeraprathapmalepati/.m2/repository/aopalliance/aopalliance/1.0/aopalliance-1.0.jar:/Users/veeraprathapmalepati/.m2/repository/org/yaml/snakeyaml/1.21/snakeyaml-1.21.jar:/Users/veeraprathapmalepati/.m2/repository/io/qameta/allure/allure-testng/2.13.6/allure-testng-2.13.6.jar:/Users/veeraprathapmalepati/.m2/repository/org/hamcrest/hamcrest-all/1.3/hamcrest-all-1.3.jar:/Users/veeraprathapmalepati/.m2/repository/org/slf4j/slf4j-simple/1.7.30/slf4j-simple-1.7.30.jar:/Users/veeraprathapmalepati/.m2/repository/org/slf4j/slf4j-api/1.7.30/slf4j-api-1.7.30.jar:/Users/veeraprathapmalepati/.m2/repository/io/qameta/allure/allure-java-commons/2.13.6/allure-java-commons-2.13.6.jar:/Users/veeraprathapmalepati/.m2/repository/io/qameta/allure/allure-model/2.13.6/allure-model-2.13.6.jar:/Users/veeraprathapmalepati/.m2/repository/com/fasterxml/jackson/core/jackson-databind/2.11.2/jackson-databind-2.11.2.jar:/Users/veeraprathapmalepati/.m2/repository/com/fasterxml/jackson/core/jackson-annotations/2.11.2/jackson-annotations-2.11.2.jar:/Users/veeraprathapmalepati/.m2/repository/com/fasterxml/jackson/core/jackson-core/2.11.2/jackson-core-2.11.2.jar:/Users/veeraprathapmalepati/.m2/repository/org/apache/tika/tika-core/1.24.1/tika-core-1.24.1.jar:/Users/veeraprathapmalepati/.m2/repository/org/jooq/joor-java-8/0.9.13/joor-java-8-0.9.13.jar:"/>
    <property name="sun.cpu.endian" value="little"/>
    <property name="user.home" value="/Users/veeraprathapmalepati"/>
    <property name="user.language" value="en"/>
    <property name="java.specification.vendor" value="Oracle Corporation"/>
    <property name="java.home" value="/Library/Java/JavaVirtualMachines/jdk1.8.0_261.jdk/Contents/Home/jre"/>
    <property name="basedir" value="/Users/veeraprathapmalepati/IdeaProjects/Selenium_SDET"/>
    <property name="file.separator" value="/"/>
    <property name="line.separator" value="&#10;"/>
    <property name="java.vm.specification.vendor" value="Oracle Corporation"/>
    <property name="java.specification.name" value="Java Platform API Specification"/>
    <property name="java.awt.graphicsenv" value="sun.awt.CGraphicsEnvironment"/>
    <property name="surefire.real.class.path" value="/Users/veeraprathapmalepati/IdeaProjects/Selenium_SDET/target/surefire/surefirebooter5414347332717714377.jar:/Users/veeraprathapmalepati/.m2/repository/org/aspectj/aspectjweaver/1.9.5/aspectjweaver-1.9.5.jar"/>
    <property name="sun.boot.class.path" value="/Library/Java/JavaVirtualMachines/jdk1.8.0_261.jdk/Contents/Home/jre/lib/resources.jar:/Library/Java/JavaVirtualMachines/jdk1.8.0_261.jdk/Contents/Home/jre/lib/rt.jar:/Library/Java/JavaVirtualMachines/jdk1.8.0_261.jdk/Contents/Home/jre/lib/sunrsasign.jar:/Library/Java/JavaVirtualMachines/jdk1.8.0_261.jdk/Contents/Home/jre/lib/jsse.jar:/Library/Java/JavaVirtualMachines/jdk1.8.0_261.jdk/Contents/Home/jre/lib/jce.jar:/Library/Java/JavaVirtualMachines/jdk1.8.0_261.jdk/Contents/Home/jre/lib/charsets.jar:/Library/Java/JavaVirtualMachines/jdk1.8.0_261.jdk/Contents/Home/jre/lib/jfr.jar:/Library/Java/JavaVirtualMachines/jdk1.8.0_261.jdk/Contents/Home/jre/classes"/>
    <property name="sun.management.compiler" value="HotSpot 64-Bit Tiered Compilers"/>
    <property name="ftp.nonProxyHosts" value="local|*.local|169.254/16|*.169.254/16"/>
    <property name="java.runtime.version" value="1.8.0_261-b12"/>
    <property name="user.name" value="veeraprathapmalepati"/>
    <property name="path.separator" value=":"/>
    <property name="os.version" value="10.15.7"/>
    <property name="java.endorsed.dirs" value="/Library/Java/JavaVirtualMachines/jdk1.8.0_261.jdk/Contents/Home/jre/lib/endorsed"/>
    <property name="java.runtime.name" value="Java(TM) SE Runtime Environment"/>
    <property name="file.encoding" value="UTF-8"/>
    <property name="java.vm.name" value="Java HotSpot(TM) 64-Bit Server VM"/>
    <property name="localRepository" value="/Users/veeraprathapmalepati/.m2/repository"/>
    <property name="java.vendor.url.bug" value="http://bugreport.sun.com/bugreport/"/>
    <property name="java.io.tmpdir" value="/var/folders/zq/fg1ns2v10y9gqffssnv_86dr0000gn/T/"/>
    <property name="idea.version" value="2020.2.1"/>
    <property name="java.version" value="1.8.0_261"/>
    <property name="user.dir" value="/Users/veeraprathapmalepati/IdeaProjects/Selenium_SDET"/>
    <property name="os.arch" value="x86_64"/>
    <property name="java.vm.specification.name" value="Java Virtual Machine Specification"/>
    <property name="java.awt.printerjob" value="sun.lwawt.macosx.CPrinterJob"/>
    <property name="sun.os.patch.level" value="unknown"/>
    <property name="java.library.path" value="/Users/veeraprathapmalepati/Library/Java/Extensions:/Library/Java/Extensions:/Network/Library/Java/Extensions:/System/Library/Java/Extensions:/usr/lib/java:."/>
    <property name="java.vm.info" value="mixed mode"/>
    <property name="java.vendor" value="Oracle Corporation"/>
    <property name="java.vm.version" value="25.261-b12"/>
    <property name="java.ext.dirs" value="/Users/veeraprathapmalepati/Library/Java/Extensions:/Library/Java/JavaVirtualMachines/jdk1.8.0_261.jdk/Contents/Home/jre/lib/ext:/Library/Java/Extensions:/Network/Library/Java/Extensions:/System/Library/Java/Extensions:/usr/lib/java"/>
    <property name="sun.io.unicode.encoding" value="UnicodeBig"/>
    <property name="java.class.version" value="52.0"/>
    <property name="socksNonProxyHosts" value="local|*.local|169.254/16|*.169.254/16"/>
  </properties>
  <testcase name="registerUser" classname="com.selenium.testcases.TC_01_RegisterUser" time="9.129">
    <failure type="java.lang.NullPointerException">java.lang.NullPointerException
	at com.selenium.testcases.TC_01_RegisterUser.registerUser(TC_01_RegisterUser.java:19)
</failure>
    <system-out><![CDATA[The Element Login is clicked sucessfully on the Home Page
]]></system-out>
    <system-err><![CDATA[1606788440536	geckodriver	INFO	Listening on 127.0.0.1:11395
1606788440804	mozrunner::runner	INFO	Running command: "/Applications/Firefox.app/Contents/MacOS/firefox-bin" "--marionette" "-foreground" "-no-remote" "-profile" "/var/folders/zq/fg1ns2v10y9gqffssnv_86dr0000gn/T/rust_mozprofiledAoonP"
console.warn: SearchSettings: "get: No settings file exists, new profile?" (new Error("", "(unknown module)"))
1606788443450	Marionette	INFO	Listening on port 51575
1606788443518	Marionette	WARN	TLS certificate errors will be ignored for this session
Dec 01, 2020 7:37:23 AM org.openqa.selenium.remote.ProtocolHandshake createSession
INFO: Detected dialect: W3C
JavaScript error: resource://gre/modules/URIFixup.jsm, line 271: NS_ERROR_FAILURE: Should pass a non-null uri
]]></system-err>
  </testcase>
</testsuite>